<?xml version="1.0" encoding="UTF-8"?>
<coverage generated="1651736479986" clover="3.2.0">
  <project timestamp="1651736479986" name="All files">
    <metrics statements="37" coveredstatements="30" conditionals="6" coveredconditionals="4" methods="15" coveredmethods="12" elements="58" coveredelements="46" complexity="0" loc="37" ncloc="37" packages="1" files="2" classes="2"/>
    <file name="to-do-list.js" path="C:\Users\kelvin\Desktop\Microverse\To-Do-List\src\modules\to-do-list.js">
      <metrics statements="34" coveredstatements="27" conditionals="6" coveredconditionals="4" methods="14" coveredmethods="11"/>
      <line num="5" count="5" type="stmt"/>
      <line num="9" count="12" type="stmt"/>
      <line num="10" count="12" type="stmt"/>
      <line num="11" count="12" type="stmt"/>
      <line num="12" count="12" type="stmt"/>
      <line num="13" count="12" type="stmt"/>
      <line num="17" count="0" type="stmt"/>
      <line num="18" count="0" type="stmt"/>
      <line num="19" count="0" type="stmt"/>
      <line num="24" count="0" type="stmt"/>
      <line num="28" count="1" type="stmt"/>
      <line num="29" count="1" type="stmt"/>
      <line num="30" count="1" type="stmt"/>
      <line num="31" count="1" type="stmt"/>
      <line num="35" count="2" type="stmt"/>
      <line num="36" count="1" type="stmt"/>
      <line num="37" count="1" type="stmt"/>
      <line num="38" count="1" type="stmt"/>
      <line num="42" count="3" type="stmt"/>
      <line num="43" count="3" type="stmt"/>
      <line num="44" count="3" type="stmt"/>
      <line num="48" count="2" type="stmt"/>
      <line num="49" count="2" type="stmt"/>
      <line num="51" count="2" type="stmt"/>
      <line num="52" count="2" type="stmt"/>
      <line num="56" count="3" type="stmt"/>
      <line num="57" count="1" type="stmt"/>
      <line num="58" count="1" type="stmt"/>
      <line num="59" count="1" type="stmt"/>
      <line num="63" count="0" type="stmt"/>
      <line num="64" count="0" type="cond" truecount="0" falsecount="2"/>
      <line num="65" count="0" type="stmt"/>
      <line num="70" count="20" type="stmt"/>
      <line num="74" count="47" type="stmt"/>
    </file>
    <file name="to-do.js" path="C:\Users\kelvin\Desktop\Microverse\To-Do-List\src\modules\to-do.js">
      <metrics statements="3" coveredstatements="3" conditionals="0" coveredconditionals="0" methods="1" coveredmethods="1"/>
      <line num="3" count="12" type="stmt"/>
      <line num="4" count="12" type="stmt"/>
      <line num="5" count="12" type="stmt"/>
    </file>
  </project>
</coverage>
